<?xml version="1.0" encoding="UTF-8"?>
<!-- Generated by org.testng.reporters.JUnitReportReporter -->
<testsuite hostname="Lucifer" failures="0" tests="2" name="com.cat.api.tests.CatApiTest" time="8.327" errors="0" timestamp="2026-07-07T11:51:18 IST" skipped="0">
  <testcase classname="com.cat.api.tests.CatApiTest" name="validatePublicBreedsEndpoint" time="6.346"/>
  <testcase classname="com.cat.api.tests.CatApiTest" name="validateApiJsonSchemaStructure" time="1.981"/>
</testsuite> <!-- com.cat.api.tests.CatApiTest -->
